TN:
SF:src/game.ts
FN:11,(anonymous_0)
FN:13,(anonymous_1)
FN:17,(anonymous_2)
FN:24,(anonymous_3)
FN:28,(anonymous_4)
FNF:5
FNH:4
FNDA:27,(anonymous_0)
FNDA:3,(anonymous_1)
FNDA:5,(anonymous_2)
FNDA:0,(anonymous_3)
FNDA:5,(anonymous_4)
DA:6,1
DA:7,1
DA:9,3
DA:11,27
DA:14,3
DA:18,5
DA:19,4
DA:20,4
DA:25,0
DA:29,5
LF:10
LH:9
BRDA:18,0,0,4
BRDA:18,0,1,1
BRDA:20,1,0,3
BRDA:20,1,1,1
BRF:4
BRH:4
end_of_record
TN:
SF:src/range.ts
FN:1,(anonymous_0)
FN:1,(anonymous_1)
FNF:2
FNH:2
FNDA:3,(anonymous_0)
FNDA:27,(anonymous_1)
DA:1,27
LF:1
LH:1
BRF:0
BRH:0
end_of_record
